<?xml version="1.0" encoding="UTF-8"?>
<!-- Generated by org.testng.reporters.JUnitReportReporter -->
<testsuite hostname="DESKTOP-PQVHF1N" failures="0" tests="1" name="TestCase.signInTestcase" time="5.069" errors="0" timestamp="2022-07-29T00:09:44 EET" skipped="0">
  <testcase classname="TestCase.signInTestcase" name="createNewAccount2" time="5.069"/>
  <system-out/>
</testsuite> <!-- TestCase.signInTestcase -->
